<?xml version="1.0" encoding="UTF-8"?>
<!-- Generated by org.testng.reporters.JUnitXMLReporter -->
<testsuite hostname="sai-PC" ignored="0" name="TestNgSmoke" tests="2" failures="1" timestamp="22 Mar 2020 14:50:27 GMT" time="21.24" errors="0">
  <testcase name="test1" time="2.732" classname="com.manmohan.TestNgSelenium.HomeTest"/>
  <testcase name="test2" time="5.689" classname="com.manmohan.TestNgSelenium.HomeTest">
    <failure type="java.lang.AssertionError" message="the tile of the page is not matching expected [Online Shopping Site for Mobiles, Electronics, Furniture, Grocery, Lifestyle, Books &amp;amp; More. Best Offers!] but found [Yahoo India]">
      <![CDATA[java.lang.AssertionError: the tile of the page is not matching expected [Online Shopping Site for Mobiles, Electronics, Furniture, Grocery, Lifestyle, Books & More. Best Offers!] but found [Yahoo India]
at com.manmohan.TestNgSelenium.LoginPOM.validatetitleYahoo(LoginPOM.java:17)
at com.manmohan.TestNgSelenium.HomeTest.test2(HomeTest.java:40)
... Removed 30 stack frames]]>
    </failure>
  </testcase> <!-- test2 -->
</testsuite> <!-- TestNgSmoke -->
